Unity Editor version:    2020.3.26f1 (7298b473bc1a)
Branch:                  2020.3/staging
Build type:              Release
Batch mode:              YES
macOS version:           Version 11.6 (Build 20G165)
Darwin version:          20.6.0
Architecture:            x86_64
Running under Rosetta:   NO
Available memory:        16384 MB
Using pre-set license
Pro License: NO

COMMAND LINE ARGUMENTS:
/Applications/Unity/Hub/Editor/2020.3.26f1/Unity.app/Contents/MacOS/Unity
-adb2
-batchMode
-noUpm
-name
AssetImportWorker0
-projectPath
/Users/timur/Documents/GitHub/IdleKnight
-logFile
Logs/AssetImportWorker0.log
-srvPort
61541
Successfully changed project path to: /Users/timur/Documents/GitHub/IdleKnight
/Users/timur/Documents/GitHub/IdleKnight
Using Asset Import Pipeline V2.
Refreshing native plugins compatible for Editor in 115.22 ms, found 4 plugins.
Preloading 0 native plugins for Editor in 0.00 ms.
Initialize engine version: 2020.3.26f1 (7298b473bc1a)
[Subsystems] Discovering subsystems at path /Applications/Unity/Hub/Editor/2020.3.26f1/Unity.app/Contents/Resources/UnitySubsystems
[Subsystems] Discovering subsystems at path /Users/timur/Documents/GitHub/IdleKnight/Assets
GfxDevice: creating device client; threaded=0
2022-01-31 20:33:26.953 Unity[77531:2873609] Color LCD preferred device: AMD Radeon Pro 5300M (high power)
2022-01-31 20:33:26.968 Unity[77531:2873609] Metal devices available: 2
2022-01-31 20:33:26.968 Unity[77531:2873609] 0: AMD Radeon Pro 5300M (high power)
2022-01-31 20:33:26.968 Unity[77531:2873609] 1: Intel(R) UHD Graphics 630 (low power)
2022-01-31 20:33:26.969 Unity[77531:2873609] Using device AMD Radeon Pro 5300M (high power)
Initializing Metal device caps: AMD Radeon Pro 5300M
Initialize mono
Mono path[0] = '/Applications/Unity/Hub/Editor/2020.3.26f1/Unity.app/Contents/Managed'
Mono path[1] = '/Applications/Unity/Hub/Editor/2020.3.26f1/Unity.app/Contents/MonoBleedingEdge/lib/mono/unityjit'
Mono config path = '/Applications/Unity/Hub/Editor/2020.3.26f1/Unity.app/Contents/MonoBleedingEdge/etc'
Using monoOptions --debugger-agent=transport=dt_socket,embedding=1,server=y,suspend=n,address=127.0.0.1:56531
Begin MonoManager ReloadAssembly
Registering precompiled unity dll's ...
Register platform support module: /Applications/Unity/Hub/Editor/2020.3.26f1/Unity.app/Contents/PlaybackEngines/MacStandaloneSupport/UnityEditor.OSXStandalone.Extensions.dll
Registered in 0.000605 seconds.
Native extension for OSXStandalone target not found
Refreshing native plugins compatible for Editor in 97.51 ms, found 4 plugins.
Preloading 0 native plugins for Editor in 0.00 ms.
Mono: successfully reloaded assembly
- Completed reload, in  0.843 seconds
Domain Reload Profiling:
	ReloadAssembly (843ms)
		BeginReloadAssembly (58ms)
			ExecutionOrderSort (0ms)
			DisableScriptedObjects (0ms)
			BackupInstance (0ms)
			ReleaseScriptingObjects (0ms)
			CreateAndSetChildDomain (1ms)
		EndReloadAssembly (701ms)
			LoadAssemblies (56ms)
			RebuildTransferFunctionScriptingTraits (0ms)
			SetupTypeCache (231ms)
			ReleaseScriptCaches (0ms)
			RebuildScriptCaches (53ms)
			SetupLoadedEditorAssemblies (298ms)
				LogAssemblyErrors (0ms)
				InitializePlatformSupportModulesInManaged (5ms)
				SetLoadedEditorAssemblies (0ms)
				RefreshPlugins (98ms)
				BeforeProcessingInitializeOnLoad (35ms)
				ProcessInitializeOnLoadAttributes (122ms)
				ProcessInitializeOnLoadMethodAttributes (38ms)
				AfterProcessingInitializeOnLoad (0ms)
				EditorAssembliesLoaded (0ms)
			ExecutionOrderSort2 (0ms)
			AwakeInstancesAfterBackupRestoration (0ms)
Platform modules already initialized, skipping
Registering precompiled user dll's ...
Registered in 0.010207 seconds.
Begin MonoManager ReloadAssembly
Native extension for OSXStandalone target not found
Refreshing native plugins compatible for Editor in 1.11 ms, found 4 plugins.
Preloading 0 native plugins for Editor in 0.00 ms.
Mono: successfully reloaded assembly
- Completed reload, in  1.484 seconds
Domain Reload Profiling:
	ReloadAssembly (1485ms)
		BeginReloadAssembly (185ms)
			ExecutionOrderSort (0ms)
			DisableScriptedObjects (9ms)
			BackupInstance (0ms)
			ReleaseScriptingObjects (0ms)
			CreateAndSetChildDomain (31ms)
		EndReloadAssembly (1217ms)
			LoadAssemblies (119ms)
			RebuildTransferFunctionScriptingTraits (0ms)
			SetupTypeCache (475ms)
			ReleaseScriptCaches (0ms)
			RebuildScriptCaches (82ms)
			SetupLoadedEditorAssemblies (404ms)
				LogAssemblyErrors (0ms)
				InitializePlatformSupportModulesInManaged (6ms)
				SetLoadedEditorAssemblies (1ms)
				RefreshPlugins (1ms)
				BeforeProcessingInitializeOnLoad (95ms)
				ProcessInitializeOnLoadAttributes (288ms)
				ProcessInitializeOnLoadMethodAttributes (10ms)
				AfterProcessingInitializeOnLoad (3ms)
				EditorAssembliesLoaded (0ms)
			ExecutionOrderSort2 (0ms)
			AwakeInstancesAfterBackupRestoration (13ms)
Platform modules already initialized, skipping
Validating Project structure ... 0.062721 seconds.
Shader import version has changed; will reimport all shaders...
Upgrading shader files ...0.196956 seconds.
Application.AssetDatabase Initial Script Refresh Start
RefreshInfo: InitialScriptRefreshV2(NoUpdateAssetOptions) scanfilter:  ... 1 filters
RefreshProfiler: Total: 0.000ms
Application.AssetDatabase Initial Script Refresh End
Application.AssetDatabase.Refresh Start
Application.AssetDatabase.Refresh End
RefreshInfo: StopAssetImportingV2(ForceSynchronousImport) scanfilter: 
RefreshProfiler: Total: 0.000ms
Launching external process: /Applications/Unity/Hub/Editor/2020.3.26f1/Unity.app/Contents/Tools/UnityShaderCompiler
Launched and connected shader compiler UnityShaderCompiler after 0.02 seconds
Initializing Unity extensions:
========================================================================
Worker process is ready to serve import requests
Refreshing native plugins compatible for Editor in 1.01 ms, found 4 plugins.
Preloading 0 native plugins for Editor in 0.00 ms.
Unloading 1903 Unused Serialized files (Serialized files now loaded: 0)
System memory in use before: 234.2 MB.
System memory in use after: 232.4 MB.

Unloading 179 unused Assets to reduce memory usage. Loaded Objects now: 2366.
Total: 6.344478 ms (FindLiveObjects: 0.262175 ms CreateObjectMapping: 0.096425 ms MarkObjects: 4.568593 ms  DeleteObjects: 1.415752 ms)

AssetImportParameters requested are different than current active one (requested -> active):
  custom:video-decoder-ogg-theora: a1e56fd34408186e4bbccfd4996cb3dc -> 
  custom:container-muxer-webm: aa71ff27fc2769a1b78a27578f13a17b -> 
  custom:container-demuxer-webm: 4f35f7cbe854078d1ac9338744f61a02 -> 
  custom:container-demuxer-ogg: 62fdf1f143b41e24485cea50d1cbac27 -> 
  custom:video-encoder-webm-vp8: eb34c28f22e8b96e1ab97ce403110664 -> 
  custom:framework-osx-AVFoundation: e770b220cccbd017edd2c1fefb359320 -> 
  custom:video-decoder-webm-vp8: 9c59270c3fd7afecdb556c50c9e8de78 -> 
  custom:audio-decoder-ogg-vorbis: bf7c407c2cedff20999df2af8eb42d56 -> 
  custom:audio-encoder-webm-vorbis: bf7c407c2cedff20999df2af8eb42d56 -> 
========================================================================
Received Import Request.
  path: Assets/LilitaOne-Regular SDF.asset
  artifactKey: Guid(f2a26a01d581a49ba89b5352ac864d98) Importer(815301076,1909f56bfc062723c751e8b465ee728b)
Start importing Assets/LilitaOne-Regular SDF.asset using Guid(f2a26a01d581a49ba89b5352ac864d98) Importer(815301076,1909f56bfc062723c751e8b465ee728b)  -> (artifact id: '638cf3149ffdcda10701d5906427edf1') in 1.126312 seconds 
  Import took 1.136517 seconds .

========================================================================
Received Prepare
Registering precompiled user dll's ...
Registered in 0.007653 seconds.
Begin MonoManager ReloadAssembly
Native extension for OSXStandalone target not found
Refreshing native plugins compatible for Editor in 0.87 ms, found 4 plugins.
Preloading 0 native plugins for Editor in 0.00 ms.
Mono: successfully reloaded assembly
- Completed reload, in  1.163 seconds
Domain Reload Profiling:
	ReloadAssembly (1163ms)
		BeginReloadAssembly (134ms)
			ExecutionOrderSort (0ms)
			DisableScriptedObjects (4ms)
			BackupInstance (0ms)
			ReleaseScriptingObjects (0ms)
			CreateAndSetChildDomain (64ms)
		EndReloadAssembly (962ms)
			LoadAssemblies (88ms)
			RebuildTransferFunctionScriptingTraits (0ms)
			SetupTypeCache (365ms)
			ReleaseScriptCaches (1ms)
			RebuildScriptCaches (53ms)
			SetupLoadedEditorAssemblies (331ms)
				LogAssemblyErrors (0ms)
				InitializePlatformSupportModulesInManaged (4ms)
				SetLoadedEditorAssemblies (1ms)
				RefreshPlugins (1ms)
				BeforeProcessingInitializeOnLoad (116ms)
				ProcessInitializeOnLoadAttributes (200ms)
				ProcessInitializeOnLoadMethodAttributes (8ms)
				AfterProcessingInitializeOnLoad (1ms)
				EditorAssembliesLoaded (0ms)
			ExecutionOrderSort2 (0ms)
			AwakeInstancesAfterBackupRestoration (7ms)
Platform modules already initialized, skipping
Switching build target platform(2) subTarget(0) extendedPlatform(0) -> platform(13) subTarget(537395200) extendedPlatform(0)
Refreshing native plugins compatible for Editor in 0.96 ms, found 4 plugins.
Preloading 0 native plugins for Editor in 0.00 ms.
Unloading 1798 Unused Serialized files (Serialized files now loaded: 0)
System memory in use before: 217.1 MB.
System memory in use after: 216.2 MB.

Unloading 41 unused Assets to reduce memory usage. Loaded Objects now: 2411.
Total: 3.214022 ms (FindLiveObjects: 0.157741 ms CreateObjectMapping: 0.064603 ms MarkObjects: 2.597431 ms  DeleteObjects: 0.393443 ms)

AssetImportParameters requested are different than current active one (requested -> active):
  custom:video-decoder-ogg-theora: a1e56fd34408186e4bbccfd4996cb3dc -> 
  custom:container-muxer-webm: aa71ff27fc2769a1b78a27578f13a17b -> 
  custom:container-demuxer-webm: 4f35f7cbe854078d1ac9338744f61a02 -> 
  custom:container-demuxer-ogg: 62fdf1f143b41e24485cea50d1cbac27 -> 
  custom:video-encoder-webm-vp8: eb34c28f22e8b96e1ab97ce403110664 -> 
  custom:framework-osx-AVFoundation: e770b220cccbd017edd2c1fefb359320 -> 
  custom:video-decoder-webm-vp8: 9c59270c3fd7afecdb556c50c9e8de78 -> 
  custom:graphics/normal-map-encoding: 01000000000000000000000000000000 -> 02000000000000000000000000000000
  custom:audio-decoder-ogg-vorbis: bf7c407c2cedff20999df2af8eb42d56 -> 
  custom:audio-encoder-webm-vorbis: bf7c407c2cedff20999df2af8eb42d56 -> 
========================================================================
Received Prepare
Registering precompiled user dll's ...
Registered in 0.012991 seconds.
Begin MonoManager ReloadAssembly
Native extension for OSXStandalone target not found
Refreshing native plugins compatible for Editor in 1.21 ms, found 4 plugins.
Preloading 0 native plugins for Editor in 0.00 ms.
Mono: successfully reloaded assembly
- Completed reload, in  1.158 seconds
Domain Reload Profiling:
	ReloadAssembly (1158ms)
		BeginReloadAssembly (126ms)
			ExecutionOrderSort (0ms)
			DisableScriptedObjects (5ms)
			BackupInstance (0ms)
			ReleaseScriptingObjects (0ms)
			CreateAndSetChildDomain (61ms)
		EndReloadAssembly (965ms)
			LoadAssemblies (83ms)
			RebuildTransferFunctionScriptingTraits (0ms)
			SetupTypeCache (353ms)
			ReleaseScriptCaches (1ms)
			RebuildScriptCaches (54ms)
			SetupLoadedEditorAssemblies (347ms)
				LogAssemblyErrors (0ms)
				InitializePlatformSupportModulesInManaged (4ms)
				SetLoadedEditorAssemblies (1ms)
				RefreshPlugins (1ms)
				BeforeProcessingInitializeOnLoad (129ms)
				ProcessInitializeOnLoadAttributes (202ms)
				ProcessInitializeOnLoadMethodAttributes (8ms)
				AfterProcessingInitializeOnLoad (1ms)
				EditorAssembliesLoaded (0ms)
			ExecutionOrderSort2 (0ms)
			AwakeInstancesAfterBackupRestoration (7ms)
Platform modules already initialized, skipping
Switching build target platform(2) subTarget(0) extendedPlatform(0) -> platform(13) subTarget(537395200) extendedPlatform(0)
Refreshing native plugins compatible for Editor in 0.90 ms, found 4 plugins.
Preloading 0 native plugins for Editor in 0.00 ms.
Unloading 1798 Unused Serialized files (Serialized files now loaded: 0)
System memory in use before: 217.3 MB.
System memory in use after: 216.4 MB.

Unloading 40 unused Assets to reduce memory usage. Loaded Objects now: 2413.
Total: 3.263987 ms (FindLiveObjects: 0.168979 ms CreateObjectMapping: 0.071129 ms MarkObjects: 2.606433 ms  DeleteObjects: 0.416718 ms)

AssetImportParameters requested are different than current active one (requested -> active):
  custom:video-decoder-ogg-theora: a1e56fd34408186e4bbccfd4996cb3dc -> 
  custom:container-muxer-webm: aa71ff27fc2769a1b78a27578f13a17b -> 
  custom:container-demuxer-webm: 4f35f7cbe854078d1ac9338744f61a02 -> 
  custom:container-demuxer-ogg: 62fdf1f143b41e24485cea50d1cbac27 -> 
  custom:video-encoder-webm-vp8: eb34c28f22e8b96e1ab97ce403110664 -> 
  custom:framework-osx-AVFoundation: e770b220cccbd017edd2c1fefb359320 -> 
  custom:video-decoder-webm-vp8: 9c59270c3fd7afecdb556c50c9e8de78 -> 
  custom:graphics/normal-map-encoding: 01000000000000000000000000000000 -> 02000000000000000000000000000000
  custom:audio-decoder-ogg-vorbis: bf7c407c2cedff20999df2af8eb42d56 -> 
  custom:audio-encoder-webm-vorbis: bf7c407c2cedff20999df2af8eb42d56 -> 
========================================================================
Received Prepare
Registering precompiled user dll's ...
Registered in 0.004312 seconds.
Begin MonoManager ReloadAssembly
Native extension for OSXStandalone target not found
Refreshing native plugins compatible for Editor in 1.02 ms, found 4 plugins.
Preloading 0 native plugins for Editor in 0.00 ms.
Mono: successfully reloaded assembly
- Completed reload, in  1.403 seconds
Domain Reload Profiling:
	ReloadAssembly (1403ms)
		BeginReloadAssembly (154ms)
			ExecutionOrderSort (0ms)
			DisableScriptedObjects (5ms)
			BackupInstance (0ms)
			ReleaseScriptingObjects (0ms)
			CreateAndSetChildDomain (72ms)
		EndReloadAssembly (1159ms)
			LoadAssemblies (108ms)
			RebuildTransferFunctionScriptingTraits (0ms)
			SetupTypeCache (417ms)
			ReleaseScriptCaches (1ms)
			RebuildScriptCaches (62ms)
			SetupLoadedEditorAssemblies (417ms)
				LogAssemblyErrors (0ms)
				InitializePlatformSupportModulesInManaged (5ms)
				SetLoadedEditorAssemblies (1ms)
				RefreshPlugins (1ms)
				BeforeProcessingInitializeOnLoad (149ms)
				ProcessInitializeOnLoadAttributes (251ms)
				ProcessInitializeOnLoadMethodAttributes (8ms)
				AfterProcessingInitializeOnLoad (2ms)
				EditorAssembliesLoaded (0ms)
			ExecutionOrderSort2 (0ms)
			AwakeInstancesAfterBackupRestoration (11ms)
Platform modules already initialized, skipping
Switching build target platform(2) subTarget(0) extendedPlatform(0) -> platform(13) subTarget(537395200) extendedPlatform(0)
Refreshing native plugins compatible for Editor in 0.95 ms, found 4 plugins.
Preloading 0 native plugins for Editor in 0.00 ms.
Unloading 1798 Unused Serialized files (Serialized files now loaded: 0)
System memory in use before: 217.5 MB.
System memory in use after: 216.6 MB.

Unloading 40 unused Assets to reduce memory usage. Loaded Objects now: 2415.
Total: 3.318882 ms (FindLiveObjects: 0.162467 ms CreateObjectMapping: 0.063974 ms MarkObjects: 2.650621 ms  DeleteObjects: 0.441129 ms)

AssetImportParameters requested are different than current active one (requested -> active):
  custom:video-decoder-ogg-theora: a1e56fd34408186e4bbccfd4996cb3dc -> 
  custom:container-muxer-webm: aa71ff27fc2769a1b78a27578f13a17b -> 
  custom:container-demuxer-webm: 4f35f7cbe854078d1ac9338744f61a02 -> 
  custom:container-demuxer-ogg: 62fdf1f143b41e24485cea50d1cbac27 -> 
  custom:video-encoder-webm-vp8: eb34c28f22e8b96e1ab97ce403110664 -> 
  custom:framework-osx-AVFoundation: e770b220cccbd017edd2c1fefb359320 -> 
  custom:video-decoder-webm-vp8: 9c59270c3fd7afecdb556c50c9e8de78 -> 
  custom:graphics/normal-map-encoding: 01000000000000000000000000000000 -> 02000000000000000000000000000000
  custom:audio-decoder-ogg-vorbis: bf7c407c2cedff20999df2af8eb42d56 -> 
  custom:audio-encoder-webm-vorbis: bf7c407c2cedff20999df2af8eb42d56 -> 
========================================================================
Received Prepare
Registering precompiled user dll's ...
Registered in 0.009425 seconds.
Begin MonoManager ReloadAssembly
Native extension for OSXStandalone target not found
Refreshing native plugins compatible for Editor in 0.95 ms, found 4 plugins.
Preloading 0 native plugins for Editor in 0.00 ms.
Mono: successfully reloaded assembly
- Completed reload, in  1.391 seconds
Domain Reload Profiling:
	ReloadAssembly (1391ms)
		BeginReloadAssembly (162ms)
			ExecutionOrderSort (0ms)
			DisableScriptedObjects (6ms)
			BackupInstance (0ms)
			ReleaseScriptingObjects (0ms)
			CreateAndSetChildDomain (76ms)
		EndReloadAssembly (1140ms)
			LoadAssemblies (105ms)
			RebuildTransferFunctionScriptingTraits (0ms)
			SetupTypeCache (445ms)
			ReleaseScriptCaches (1ms)
			RebuildScriptCaches (61ms)
			SetupLoadedEditorAssemblies (393ms)
				LogAssemblyErrors (0ms)
				InitializePlatformSupportModulesInManaged (5ms)
				SetLoadedEditorAssemblies (1ms)
				RefreshPlugins (1ms)
				BeforeProcessingInitializeOnLoad (148ms)
				ProcessInitializeOnLoadAttributes (227ms)
				ProcessInitializeOnLoadMethodAttributes (10ms)
				AfterProcessingInitializeOnLoad (2ms)
				EditorAssembliesLoaded (0ms)
			ExecutionOrderSort2 (0ms)
			AwakeInstancesAfterBackupRestoration (8ms)
Platform modules already initialized, skipping
Switching build target platform(2) subTarget(0) extendedPlatform(0) -> platform(13) subTarget(537395200) extendedPlatform(0)
Refreshing native plugins compatible for Editor in 0.96 ms, found 4 plugins.
Preloading 0 native plugins for Editor in 0.00 ms.
Unloading 1798 Unused Serialized files (Serialized files now loaded: 0)
System memory in use before: 217.7 MB.
System memory in use after: 216.8 MB.

Unloading 40 unused Assets to reduce memory usage. Loaded Objects now: 2417.
Total: 3.523843 ms (FindLiveObjects: 0.172395 ms CreateObjectMapping: 0.065031 ms MarkObjects: 2.801022 ms  DeleteObjects: 0.484536 ms)

AssetImportParameters requested are different than current active one (requested -> active):
  custom:video-decoder-ogg-theora: a1e56fd34408186e4bbccfd4996cb3dc -> 
  custom:container-muxer-webm: aa71ff27fc2769a1b78a27578f13a17b -> 
  custom:container-demuxer-webm: 4f35f7cbe854078d1ac9338744f61a02 -> 
  custom:container-demuxer-ogg: 62fdf1f143b41e24485cea50d1cbac27 -> 
  custom:video-encoder-webm-vp8: eb34c28f22e8b96e1ab97ce403110664 -> 
  custom:framework-osx-AVFoundation: e770b220cccbd017edd2c1fefb359320 -> 
  custom:video-decoder-webm-vp8: 9c59270c3fd7afecdb556c50c9e8de78 -> 
  custom:graphics/normal-map-encoding: 01000000000000000000000000000000 -> 02000000000000000000000000000000
  custom:audio-decoder-ogg-vorbis: bf7c407c2cedff20999df2af8eb42d56 -> 
  custom:audio-encoder-webm-vorbis: bf7c407c2cedff20999df2af8eb42d56 -> 
========================================================================
Received Import Request.
  Time since last request: 205.713523 seconds.
  path: Assets/_Prefabs/Enemy.prefab
  artifactKey: Guid(bb90340239a7448f6a41cd49e6fa72af) Importer(815301076,1909f56bfc062723c751e8b465ee728b)
Start importing Assets/_Prefabs/Enemy.prefab using Guid(bb90340239a7448f6a41cd49e6fa72af) Importer(815301076,1909f56bfc062723c751e8b465ee728b)  -> (artifact id: 'e1a22f4c16dcbf16644937c1f36b8a78') in 0.608299 seconds 
  Import took 0.618363 seconds .

========================================================================
Received Import Request.
  Time since last request: 0.000236 seconds.
  path: Assets/_Prefabs/Road.prefab
  artifactKey: Guid(c2a02948f20a44137bef1d76d29fbfee) Importer(815301076,1909f56bfc062723c751e8b465ee728b)
Start importing Assets/_Prefabs/Road.prefab using Guid(c2a02948f20a44137bef1d76d29fbfee) Importer(815301076,1909f56bfc062723c751e8b465ee728b)  -> (artifact id: 'cb66e36672bf1c40cee0503c54563894') in 0.048156 seconds 
  Import took 0.052583 seconds .

========================================================================
Received Import Request.
  Time since last request: 75.989830 seconds.
  path: Assets/_Scripts/EnemyScript.cs
  artifactKey: Guid(dd9a1f269c2204cd1bec36fe2a63cb76) Importer(815301076,1909f56bfc062723c751e8b465ee728b)
Start importing Assets/_Scripts/EnemyScript.cs using Guid(dd9a1f269c2204cd1bec36fe2a63cb76) Importer(815301076,1909f56bfc062723c751e8b465ee728b)  -> (artifact id: 'dfc3cdc208c050c96a7dcad45f938eaa') in 3.618806 seconds 
  Import took 3.626886 seconds .

========================================================================
Received Import Request.
  Time since last request: 52.054765 seconds.
  path: Assets/_Scripts/EnemyScript.cs
  artifactKey: Guid(dd9a1f269c2204cd1bec36fe2a63cb76) Importer(815301076,1909f56bfc062723c751e8b465ee728b)
Start importing Assets/_Scripts/EnemyScript.cs using Guid(dd9a1f269c2204cd1bec36fe2a63cb76) Importer(815301076,1909f56bfc062723c751e8b465ee728b)  -> (artifact id: '8cc0de467b98b05fa0bcf84ddbb9aac1') in 0.002701 seconds 
  Import took 0.008534 seconds .

========================================================================
Received Prepare
Registering precompiled user dll's ...
Registered in 0.009209 seconds.
Begin MonoManager ReloadAssembly
Native extension for OSXStandalone target not found
Refreshing native plugins compatible for Editor in 0.89 ms, found 4 plugins.
Preloading 0 native plugins for Editor in 0.00 ms.
Mono: successfully reloaded assembly
- Completed reload, in  1.349 seconds
Domain Reload Profiling:
	ReloadAssembly (1349ms)
		BeginReloadAssembly (131ms)
			ExecutionOrderSort (0ms)
			DisableScriptedObjects (4ms)
			BackupInstance (0ms)
			ReleaseScriptingObjects (0ms)
			CreateAndSetChildDomain (61ms)
		EndReloadAssembly (1146ms)
			LoadAssemblies (118ms)
			RebuildTransferFunctionScriptingTraits (0ms)
			SetupTypeCache (445ms)
			ReleaseScriptCaches (1ms)
			RebuildScriptCaches (62ms)
			SetupLoadedEditorAssemblies (375ms)
				LogAssemblyErrors (0ms)
				InitializePlatformSupportModulesInManaged (4ms)
				SetLoadedEditorAssemblies (1ms)
				RefreshPlugins (1ms)
				BeforeProcessingInitializeOnLoad (137ms)
				ProcessInitializeOnLoadAttributes (220ms)
				ProcessInitializeOnLoadMethodAttributes (10ms)
				AfterProcessingInitializeOnLoad (2ms)
				EditorAssembliesLoaded (0ms)
			ExecutionOrderSort2 (0ms)
			AwakeInstancesAfterBackupRestoration (9ms)
Platform modules already initialized, skipping
Switching build target platform(2) subTarget(0) extendedPlatform(0) -> platform(13) subTarget(537395200) extendedPlatform(0)
Refreshing native plugins compatible for Editor in 0.93 ms, found 4 plugins.
Preloading 0 native plugins for Editor in 0.00 ms.
Unloading 1798 Unused Serialized files (Serialized files now loaded: 0)
System memory in use before: 240.3 MB.
System memory in use after: 239.5 MB.

Unloading 40 unused Assets to reduce memory usage. Loaded Objects now: 2422.
Total: 2.943672 ms (FindLiveObjects: 0.196220 ms CreateObjectMapping: 0.060905 ms MarkObjects: 2.296946 ms  DeleteObjects: 0.388953 ms)

AssetImportParameters requested are different than current active one (requested -> active):
  custom:video-decoder-ogg-theora: a1e56fd34408186e4bbccfd4996cb3dc -> 
  custom:container-muxer-webm: aa71ff27fc2769a1b78a27578f13a17b -> 
  custom:container-demuxer-webm: 4f35f7cbe854078d1ac9338744f61a02 -> 
  custom:container-demuxer-ogg: 62fdf1f143b41e24485cea50d1cbac27 -> 
  custom:video-encoder-webm-vp8: eb34c28f22e8b96e1ab97ce403110664 -> 
  custom:framework-osx-AVFoundation: e770b220cccbd017edd2c1fefb359320 -> 
  custom:video-decoder-webm-vp8: 9c59270c3fd7afecdb556c50c9e8de78 -> 
  custom:graphics/normal-map-encoding: 01000000000000000000000000000000 -> 02000000000000000000000000000000
  custom:audio-decoder-ogg-vorbis: bf7c407c2cedff20999df2af8eb42d56 -> 
  custom:audio-encoder-webm-vorbis: bf7c407c2cedff20999df2af8eb42d56 -> 
========================================================================
Received Prepare
Registering precompiled user dll's ...
Registered in 0.004482 seconds.
Begin MonoManager ReloadAssembly
Native extension for OSXStandalone target not found
Refreshing native plugins compatible for Editor in 1.03 ms, found 4 plugins.
Preloading 0 native plugins for Editor in 0.00 ms.
Mono: successfully reloaded assembly
- Completed reload, in  1.442 seconds
Domain Reload Profiling:
	ReloadAssembly (1442ms)
		BeginReloadAssembly (153ms)
			ExecutionOrderSort (0ms)
			DisableScriptedObjects (6ms)
			BackupInstance (0ms)
			ReleaseScriptingObjects (0ms)
			CreateAndSetChildDomain (75ms)
		EndReloadAssembly (1205ms)
			LoadAssemblies (103ms)
			RebuildTransferFunctionScriptingTraits (0ms)
			SetupTypeCache (444ms)
			ReleaseScriptCaches (1ms)
			RebuildScriptCaches (71ms)
			SetupLoadedEditorAssemblies (422ms)
				LogAssemblyErrors (0ms)
				InitializePlatformSupportModulesInManaged (5ms)
				SetLoadedEditorAssemblies (1ms)
				RefreshPlugins (1ms)
				BeforeProcessingInitializeOnLoad (149ms)
				ProcessInitializeOnLoadAttributes (253ms)
				ProcessInitializeOnLoadMethodAttributes (11ms)
				AfterProcessingInitializeOnLoad (2ms)
				EditorAssembliesLoaded (0ms)
			ExecutionOrderSort2 (0ms)
			AwakeInstancesAfterBackupRestoration (9ms)
Platform modules already initialized, skipping
Switching build target platform(2) subTarget(0) extendedPlatform(0) -> platform(13) subTarget(537395200) extendedPlatform(0)
Refreshing native plugins compatible for Editor in 1.06 ms, found 4 plugins.
Preloading 0 native plugins for Editor in 0.00 ms.
Unloading 1798 Unused Serialized files (Serialized files now loaded: 0)
System memory in use before: 240.5 MB.
System memory in use after: 239.6 MB.

Unloading 40 unused Assets to reduce memory usage. Loaded Objects now: 2424.
Total: 4.149353 ms (FindLiveObjects: 0.183402 ms CreateObjectMapping: 0.076345 ms MarkObjects: 3.377082 ms  DeleteObjects: 0.511489 ms)

AssetImportParameters requested are different than current active one (requested -> active):
  custom:video-decoder-ogg-theora: a1e56fd34408186e4bbccfd4996cb3dc -> 
  custom:container-muxer-webm: aa71ff27fc2769a1b78a27578f13a17b -> 
  custom:container-demuxer-webm: 4f35f7cbe854078d1ac9338744f61a02 -> 
  custom:container-demuxer-ogg: 62fdf1f143b41e24485cea50d1cbac27 -> 
  custom:video-encoder-webm-vp8: eb34c28f22e8b96e1ab97ce403110664 -> 
  custom:framework-osx-AVFoundation: e770b220cccbd017edd2c1fefb359320 -> 
  custom:video-decoder-webm-vp8: 9c59270c3fd7afecdb556c50c9e8de78 -> 
  custom:graphics/normal-map-encoding: 01000000000000000000000000000000 -> 02000000000000000000000000000000
  custom:audio-decoder-ogg-vorbis: bf7c407c2cedff20999df2af8eb42d56 -> 
  custom:audio-encoder-webm-vorbis: bf7c407c2cedff20999df2af8eb42d56 -> 
========================================================================
Received Prepare
Registering precompiled user dll's ...
Registered in 0.004296 seconds.
Begin MonoManager ReloadAssembly
Native extension for OSXStandalone target not found
Refreshing native plugins compatible for Editor in 1.05 ms, found 4 plugins.
Preloading 0 native plugins for Editor in 0.00 ms.
Mono: successfully reloaded assembly
- Completed reload, in  1.409 seconds
Domain Reload Profiling:
	ReloadAssembly (1409ms)
		BeginReloadAssembly (153ms)
			ExecutionOrderSort (0ms)
			DisableScriptedObjects (6ms)
			BackupInstance (0ms)
			ReleaseScriptingObjects (0ms)
			CreateAndSetChildDomain (73ms)
		EndReloadAssembly (1167ms)
			LoadAssemblies (104ms)
			RebuildTransferFunctionScriptingTraits (0ms)
			SetupTypeCache (440ms)
			ReleaseScriptCaches (1ms)
			RebuildScriptCaches (63ms)
			SetupLoadedEditorAssemblies (411ms)
				LogAssemblyErrors (0ms)
				InitializePlatformSupportModulesInManaged (5ms)
				SetLoadedEditorAssemblies (1ms)
				RefreshPlugins (1ms)
				BeforeProcessingInitializeOnLoad (141ms)
				ProcessInitializeOnLoadAttributes (251ms)
				ProcessInitializeOnLoadMethodAttributes (11ms)
				AfterProcessingInitializeOnLoad (2ms)
				EditorAssembliesLoaded (0ms)
			ExecutionOrderSort2 (0ms)
			AwakeInstancesAfterBackupRestoration (9ms)
Platform modules already initialized, skipping
Switching build target platform(2) subTarget(0) extendedPlatform(0) -> platform(13) subTarget(537395200) extendedPlatform(0)
Refreshing native plugins compatible for Editor in 1.06 ms, found 4 plugins.
Preloading 0 native plugins for Editor in 0.00 ms.
Unloading 1798 Unused Serialized files (Serialized files now loaded: 0)
System memory in use before: 240.7 MB.
System memory in use after: 239.8 MB.

Unloading 40 unused Assets to reduce memory usage. Loaded Objects now: 2426.
Total: 3.886764 ms (FindLiveObjects: 0.171592 ms CreateObjectMapping: 0.075051 ms MarkObjects: 3.074507 ms  DeleteObjects: 0.564682 ms)

AssetImportParameters requested are different than current active one (requested -> active):
  custom:video-decoder-ogg-theora: a1e56fd34408186e4bbccfd4996cb3dc -> 
  custom:container-muxer-webm: aa71ff27fc2769a1b78a27578f13a17b -> 
  custom:container-demuxer-webm: 4f35f7cbe854078d1ac9338744f61a02 -> 
  custom:container-demuxer-ogg: 62fdf1f143b41e24485cea50d1cbac27 -> 
  custom:video-encoder-webm-vp8: eb34c28f22e8b96e1ab97ce403110664 -> 
  custom:framework-osx-AVFoundation: e770b220cccbd017edd2c1fefb359320 -> 
  custom:video-decoder-webm-vp8: 9c59270c3fd7afecdb556c50c9e8de78 -> 
  custom:graphics/normal-map-encoding: 01000000000000000000000000000000 -> 02000000000000000000000000000000
  custom:audio-decoder-ogg-vorbis: bf7c407c2cedff20999df2af8eb42d56 -> 
  custom:audio-encoder-webm-vorbis: bf7c407c2cedff20999df2af8eb42d56 -> 
========================================================================
Received Import Request.
  Time since last request: 190.214275 seconds.
  path: Assets/BizulkaProduction/Stickman sphere head vol.1 gang/SampleAnimationController.controller
  artifactKey: Guid(d3d4674ddb5a38e42bfdc481576124d3) Importer(815301076,1909f56bfc062723c751e8b465ee728b)
Start importing Assets/BizulkaProduction/Stickman sphere head vol.1 gang/SampleAnimationController.controller using Guid(d3d4674ddb5a38e42bfdc481576124d3) Importer(815301076,1909f56bfc062723c751e8b465ee728b)  -> (artifact id: '98db21adff9951124bea580a57b842ea') in 0.248040 seconds 
  Import took 0.255736 seconds .

========================================================================
Received Prepare
Registering precompiled user dll's ...
Registered in 0.008570 seconds.
Begin MonoManager ReloadAssembly
Native extension for OSXStandalone target not found
Refreshing native plugins compatible for Editor in 0.87 ms, found 4 plugins.
Preloading 0 native plugins for Editor in 0.00 ms.
Mono: successfully reloaded assembly
- Completed reload, in  1.154 seconds
Domain Reload Profiling:
	ReloadAssembly (1154ms)
		BeginReloadAssembly (126ms)
			ExecutionOrderSort (0ms)
			DisableScriptedObjects (5ms)
			BackupInstance (0ms)
			ReleaseScriptingObjects (0ms)
			CreateAndSetChildDomain (61ms)
		EndReloadAssembly (959ms)
			LoadAssemblies (81ms)
			RebuildTransferFunctionScriptingTraits (0ms)
			SetupTypeCache (354ms)
			ReleaseScriptCaches (1ms)
			RebuildScriptCaches (53ms)
			SetupLoadedEditorAssemblies (334ms)
				LogAssemblyErrors (0ms)
				InitializePlatformSupportModulesInManaged (4ms)
				SetLoadedEditorAssemblies (1ms)
				RefreshPlugins (1ms)
				BeforeProcessingInitializeOnLoad (117ms)
				ProcessInitializeOnLoadAttributes (201ms)
				ProcessInitializeOnLoadMethodAttributes (8ms)
				AfterProcessingInitializeOnLoad (1ms)
				EditorAssembliesLoaded (0ms)
			ExecutionOrderSort2 (0ms)
			AwakeInstancesAfterBackupRestoration (7ms)
Platform modules already initialized, skipping
Switching build target platform(2) subTarget(0) extendedPlatform(0) -> platform(13) subTarget(537395200) extendedPlatform(0)
Refreshing native plugins compatible for Editor in 0.95 ms, found 4 plugins.
Preloading 0 native plugins for Editor in 0.00 ms.
Unloading 1798 Unused Serialized files (Serialized files now loaded: 0)
System memory in use before: 245.0 MB.
System memory in use after: 244.1 MB.

Unloading 40 unused Assets to reduce memory usage. Loaded Objects now: 2428.
Total: 3.323010 ms (FindLiveObjects: 0.154153 ms CreateObjectMapping: 0.063968 ms MarkObjects: 2.654634 ms  DeleteObjects: 0.449468 ms)

AssetImportParameters requested are different than current active one (requested -> active):
  custom:video-decoder-ogg-theora: a1e56fd34408186e4bbccfd4996cb3dc -> 
  custom:container-muxer-webm: aa71ff27fc2769a1b78a27578f13a17b -> 
  custom:container-demuxer-webm: 4f35f7cbe854078d1ac9338744f61a02 -> 
  custom:container-demuxer-ogg: 62fdf1f143b41e24485cea50d1cbac27 -> 
  custom:video-encoder-webm-vp8: eb34c28f22e8b96e1ab97ce403110664 -> 
  custom:framework-osx-AVFoundation: e770b220cccbd017edd2c1fefb359320 -> 
  custom:video-decoder-webm-vp8: 9c59270c3fd7afecdb556c50c9e8de78 -> 
  custom:graphics/normal-map-encoding: 01000000000000000000000000000000 -> 02000000000000000000000000000000
  custom:audio-decoder-ogg-vorbis: bf7c407c2cedff20999df2af8eb42d56 -> 
  custom:audio-encoder-webm-vorbis: bf7c407c2cedff20999df2af8eb42d56 -> 
========================================================================
Received Import Request.
  Time since last request: 250.687652 seconds.
  path: Assets/BizulkaProduction/Stickman sphere head vol.1 gang/SampleAnimationController.controller
  artifactKey: Guid(d3d4674ddb5a38e42bfdc481576124d3) Importer(815301076,1909f56bfc062723c751e8b465ee728b)
Start importing Assets/BizulkaProduction/Stickman sphere head vol.1 gang/SampleAnimationController.controller using Guid(d3d4674ddb5a38e42bfdc481576124d3) Importer(815301076,1909f56bfc062723c751e8b465ee728b)  -> (artifact id: 'c7c4e6e9575eb9ab1b42b9c9b2f1c9ed') in 0.074193 seconds 
  Import took 0.078446 seconds .

========================================================================
Received Prepare
Registering precompiled user dll's ...
Registered in 0.008982 seconds.
Begin MonoManager ReloadAssembly
Native extension for OSXStandalone target not found
Refreshing native plugins compatible for Editor in 1.03 ms, found 4 plugins.
Preloading 0 native plugins for Editor in 0.00 ms.
Mono: successfully reloaded assembly
- Completed reload, in  1.350 seconds
Domain Reload Profiling:
	ReloadAssembly (1350ms)
		BeginReloadAssembly (133ms)
			ExecutionOrderSort (0ms)
			DisableScriptedObjects (5ms)
			BackupInstance (0ms)
			ReleaseScriptingObjects (0ms)
			CreateAndSetChildDomain (62ms)
		EndReloadAssembly (1147ms)
			LoadAssemblies (87ms)
			RebuildTransferFunctionScriptingTraits (0ms)
			SetupTypeCache (405ms)
			ReleaseScriptCaches (1ms)
			RebuildScriptCaches (66ms)
			SetupLoadedEditorAssemblies (412ms)
				LogAssemblyErrors (0ms)
				InitializePlatformSupportModulesInManaged (5ms)
				SetLoadedEditorAssemblies (1ms)
				RefreshPlugins (1ms)
				BeforeProcessingInitializeOnLoad (143ms)
				ProcessInitializeOnLoadAttributes (249ms)
				ProcessInitializeOnLoadMethodAttributes (11ms)
				AfterProcessingInitializeOnLoad (2ms)
				EditorAssembliesLoaded (0ms)
			ExecutionOrderSort2 (0ms)
			AwakeInstancesAfterBackupRestoration (9ms)
Platform modules already initialized, skipping
Switching build target platform(2) subTarget(0) extendedPlatform(0) -> platform(13) subTarget(537395200) extendedPlatform(0)
Refreshing native plugins compatible for Editor in 1.05 ms, found 4 plugins.
Preloading 0 native plugins for Editor in 0.00 ms.
Unloading 1798 Unused Serialized files (Serialized files now loaded: 0)
System memory in use before: 245.2 MB.
System memory in use after: 244.3 MB.

Unloading 40 unused Assets to reduce memory usage. Loaded Objects now: 2430.
Total: 4.372132 ms (FindLiveObjects: 0.222781 ms CreateObjectMapping: 0.088326 ms MarkObjects: 3.495779 ms  DeleteObjects: 0.564314 ms)

AssetImportParameters requested are different than current active one (requested -> active):
  custom:video-decoder-ogg-theora: a1e56fd34408186e4bbccfd4996cb3dc -> 
  custom:container-muxer-webm: aa71ff27fc2769a1b78a27578f13a17b -> 
  custom:container-demuxer-webm: 4f35f7cbe854078d1ac9338744f61a02 -> 
  custom:container-demuxer-ogg: 62fdf1f143b41e24485cea50d1cbac27 -> 
  custom:video-encoder-webm-vp8: eb34c28f22e8b96e1ab97ce403110664 -> 
  custom:framework-osx-AVFoundation: e770b220cccbd017edd2c1fefb359320 -> 
  custom:video-decoder-webm-vp8: 9c59270c3fd7afecdb556c50c9e8de78 -> 
  custom:graphics/normal-map-encoding: 01000000000000000000000000000000 -> 02000000000000000000000000000000
  custom:audio-decoder-ogg-vorbis: bf7c407c2cedff20999df2af8eb42d56 -> 
  custom:audio-encoder-webm-vorbis: bf7c407c2cedff20999df2af8eb42d56 -> 
========================================================================
Received Import Request.
  Time since last request: 193.076263 seconds.
  path: Assets/_Scripts/SpawnScript.cs
  artifactKey: Guid(f1f0926b1407b4c84a563a1df125d7c3) Importer(815301076,1909f56bfc062723c751e8b465ee728b)
Start importing Assets/_Scripts/SpawnScript.cs using Guid(f1f0926b1407b4c84a563a1df125d7c3) Importer(815301076,1909f56bfc062723c751e8b465ee728b)  -> (artifact id: 'dcd644080a8a77e6b3c000ec61b43b6a') in 0.004640 seconds 
  Import took 0.009142 seconds .

========================================================================
Received Import Request.
  Time since last request: 9.565035 seconds.
  path: Assets/_Scripts/SpawnScript.cs
  artifactKey: Guid(f1f0926b1407b4c84a563a1df125d7c3) Importer(815301076,1909f56bfc062723c751e8b465ee728b)
Start importing Assets/_Scripts/SpawnScript.cs using Guid(f1f0926b1407b4c84a563a1df125d7c3) Importer(815301076,1909f56bfc062723c751e8b465ee728b)  -> (artifact id: 'b84c4c282f4d2112eaf7e29420ce9e77') in 0.002933 seconds 
  Import took 0.008747 seconds .

========================================================================
Received Prepare
Registering precompiled user dll's ...
Registered in 0.006228 seconds.
Begin MonoManager ReloadAssembly
Native extension for OSXStandalone target not found
Refreshing native plugins compatible for Editor in 1.01 ms, found 4 plugins.
Preloading 0 native plugins for Editor in 0.00 ms.
Mono: successfully reloaded assembly
- Completed reload, in  1.218 seconds
Domain Reload Profiling:
	ReloadAssembly (1234ms)
		BeginReloadAssembly (161ms)
			ExecutionOrderSort (0ms)
			DisableScriptedObjects (5ms)
			BackupInstance (0ms)
			ReleaseScriptingObjects (0ms)
			CreateAndSetChildDomain (70ms)
		EndReloadAssembly (1001ms)
			LoadAssemblies (90ms)
			RebuildTransferFunctionScriptingTraits (0ms)
			SetupTypeCache (352ms)
			ReleaseScriptCaches (1ms)
			RebuildScriptCaches (55ms)
			SetupLoadedEditorAssemblies (363ms)
				LogAssemblyErrors (0ms)
				InitializePlatformSupportModulesInManaged (4ms)
				SetLoadedEditorAssemblies (1ms)
				RefreshPlugins (1ms)
				BeforeProcessingInitializeOnLoad (131ms)
				ProcessInitializeOnLoadAttributes (216ms)
				ProcessInitializeOnLoadMethodAttributes (8ms)
				AfterProcessingInitializeOnLoad (2ms)
				EditorAssembliesLoaded (0ms)
			ExecutionOrderSort2 (0ms)
			AwakeInstancesAfterBackupRestoration (8ms)
Platform modules already initialized, skipping
Switching build target platform(2) subTarget(0) extendedPlatform(0) -> platform(13) subTarget(537395200) extendedPlatform(0)
Refreshing native plugins compatible for Editor in 0.99 ms, found 4 plugins.
Preloading 0 native plugins for Editor in 0.00 ms.
Unloading 1798 Unused Serialized files (Serialized files now loaded: 0)
System memory in use before: 245.3 MB.
System memory in use after: 244.5 MB.

Unloading 40 unused Assets to reduce memory usage. Loaded Objects now: 2432.
Total: 3.565073 ms (FindLiveObjects: 0.155171 ms CreateObjectMapping: 0.059750 ms MarkObjects: 2.869490 ms  DeleteObjects: 0.479778 ms)

AssetImportParameters requested are different than current active one (requested -> active):
  custom:video-decoder-ogg-theora: a1e56fd34408186e4bbccfd4996cb3dc -> 
  custom:container-muxer-webm: aa71ff27fc2769a1b78a27578f13a17b -> 
  custom:container-demuxer-webm: 4f35f7cbe854078d1ac9338744f61a02 -> 
  custom:container-demuxer-ogg: 62fdf1f143b41e24485cea50d1cbac27 -> 
  custom:video-encoder-webm-vp8: eb34c28f22e8b96e1ab97ce403110664 -> 
  custom:framework-osx-AVFoundation: e770b220cccbd017edd2c1fefb359320 -> 
  custom:video-decoder-webm-vp8: 9c59270c3fd7afecdb556c50c9e8de78 -> 
  custom:graphics/normal-map-encoding: 01000000000000000000000000000000 -> 02000000000000000000000000000000
  custom:audio-decoder-ogg-vorbis: bf7c407c2cedff20999df2af8eb42d56 -> 
  custom:audio-encoder-webm-vorbis: bf7c407c2cedff20999df2af8eb42d56 -> 
========================================================================
Received Prepare
Registering precompiled user dll's ...
Registered in 0.005212 seconds.
Begin MonoManager ReloadAssembly
Native extension for OSXStandalone target not found
Refreshing native plugins compatible for Editor in 1.11 ms, found 4 plugins.
Preloading 0 native plugins for Editor in 0.00 ms.
Mono: successfully reloaded assembly
- Completed reload, in  1.443 seconds
Domain Reload Profiling:
	ReloadAssembly (1444ms)
		BeginReloadAssembly (159ms)
			ExecutionOrderSort (0ms)
			DisableScriptedObjects (6ms)
			BackupInstance (0ms)
			ReleaseScriptingObjects (0ms)
			CreateAndSetChildDomain (77ms)
		EndReloadAssembly (1198ms)
			LoadAssemblies (106ms)
			RebuildTransferFunctionScriptingTraits (0ms)
			SetupTypeCache (442ms)
			ReleaseScriptCaches (1ms)
			RebuildScriptCaches (68ms)
			SetupLoadedEditorAssemblies (420ms)
				LogAssemblyErrors (0ms)
				InitializePlatformSupportModulesInManaged (5ms)
				SetLoadedEditorAssemblies (1ms)
				RefreshPlugins (1ms)
				BeforeProcessingInitializeOnLoad (148ms)
				ProcessInitializeOnLoadAttributes (252ms)
				ProcessInitializeOnLoadMethodAttributes (10ms)
				AfterProcessingInitializeOnLoad (2ms)
				EditorAssembliesLoaded (0ms)
			ExecutionOrderSort2 (0ms)
			AwakeInstancesAfterBackupRestoration (9ms)
Platform modules already initialized, skipping
Switching build target platform(2) subTarget(0) extendedPlatform(0) -> platform(13) subTarget(537395200) extendedPlatform(0)
Refreshing native plugins compatible for Editor in 0.99 ms, found 4 plugins.
Preloading 0 native plugins for Editor in 0.00 ms.
Unloading 1798 Unused Serialized files (Serialized files now loaded: 0)
System memory in use before: 245.5 MB.
System memory in use after: 244.7 MB.

Unloading 40 unused Assets to reduce memory usage. Loaded Objects now: 2434.
Total: 4.013701 ms (FindLiveObjects: 0.166811 ms CreateObjectMapping: 0.065801 ms MarkObjects: 2.999916 ms  DeleteObjects: 0.780251 ms)

AssetImportParameters requested are different than current active one (requested -> active):
  custom:video-decoder-ogg-theora: a1e56fd34408186e4bbccfd4996cb3dc -> 
  custom:container-muxer-webm: aa71ff27fc2769a1b78a27578f13a17b -> 
  custom:container-demuxer-webm: 4f35f7cbe854078d1ac9338744f61a02 -> 
  custom:container-demuxer-ogg: 62fdf1f143b41e24485cea50d1cbac27 -> 
  custom:video-encoder-webm-vp8: eb34c28f22e8b96e1ab97ce403110664 -> 
  custom:framework-osx-AVFoundation: e770b220cccbd017edd2c1fefb359320 -> 
  custom:video-decoder-webm-vp8: 9c59270c3fd7afecdb556c50c9e8de78 -> 
  custom:graphics/normal-map-encoding: 01000000000000000000000000000000 -> 02000000000000000000000000000000
  custom:audio-decoder-ogg-vorbis: bf7c407c2cedff20999df2af8eb42d56 -> 
  custom:audio-encoder-webm-vorbis: bf7c407c2cedff20999df2af8eb42d56 -> 
========================================================================
Received Prepare
Registering precompiled user dll's ...
Registered in 0.006376 seconds.
Begin MonoManager ReloadAssembly
Native extension for OSXStandalone target not found
Refreshing native plugins compatible for Editor in 0.89 ms, found 4 plugins.
Preloading 0 native plugins for Editor in 0.00 ms.
Mono: successfully reloaded assembly
- Completed reload, in  1.205 seconds
Domain Reload Profiling:
	ReloadAssembly (1206ms)
		BeginReloadAssembly (133ms)
			ExecutionOrderSort (0ms)
			DisableScriptedObjects (6ms)
			BackupInstance (0ms)
			ReleaseScriptingObjects (0ms)
			CreateAndSetChildDomain (68ms)
		EndReloadAssembly (1004ms)
			LoadAssemblies (82ms)
			RebuildTransferFunctionScriptingTraits (0ms)
			SetupTypeCache (364ms)
			ReleaseScriptCaches (1ms)
			RebuildScriptCaches (55ms)
			SetupLoadedEditorAssemblies (355ms)
				LogAssemblyErrors (0ms)
				InitializePlatformSupportModulesInManaged (4ms)
				SetLoadedEditorAssemblies (1ms)
				RefreshPlugins (1ms)
				BeforeProcessingInitializeOnLoad (124ms)
				ProcessInitializeOnLoadAttributes (215ms)
				ProcessInitializeOnLoadMethodAttributes (8ms)
				AfterProcessingInitializeOnLoad (1ms)
				EditorAssembliesLoaded (0ms)
			ExecutionOrderSort2 (0ms)
			AwakeInstancesAfterBackupRestoration (7ms)
Platform modules already initialized, skipping
Switching build target platform(2) subTarget(0) extendedPlatform(0) -> platform(13) subTarget(537395200) extendedPlatform(0)
Refreshing native plugins compatible for Editor in 0.94 ms, found 4 plugins.
Preloading 0 native plugins for Editor in 0.00 ms.
Unloading 1798 Unused Serialized files (Serialized files now loaded: 0)
System memory in use before: 245.7 MB.
System memory in use after: 244.9 MB.

Unloading 40 unused Assets to reduce memory usage. Loaded Objects now: 2436.
Total: 3.409490 ms (FindLiveObjects: 0.164250 ms CreateObjectMapping: 0.068425 ms MarkObjects: 2.703159 ms  DeleteObjects: 0.472922 ms)

AssetImportParameters requested are different than current active one (requested -> active):
  custom:video-decoder-ogg-theora: a1e56fd34408186e4bbccfd4996cb3dc -> 
  custom:container-muxer-webm: aa71ff27fc2769a1b78a27578f13a17b -> 
  custom:container-demuxer-webm: 4f35f7cbe854078d1ac9338744f61a02 -> 
  custom:container-demuxer-ogg: 62fdf1f143b41e24485cea50d1cbac27 -> 
  custom:video-encoder-webm-vp8: eb34c28f22e8b96e1ab97ce403110664 -> 
  custom:framework-osx-AVFoundation: e770b220cccbd017edd2c1fefb359320 -> 
  custom:video-decoder-webm-vp8: 9c59270c3fd7afecdb556c50c9e8de78 -> 
  custom:graphics/normal-map-encoding: 01000000000000000000000000000000 -> 02000000000000000000000000000000
  custom:audio-decoder-ogg-vorbis: bf7c407c2cedff20999df2af8eb42d56 -> 
  custom:audio-encoder-webm-vorbis: bf7c407c2cedff20999df2af8eb42d56 -> 
========================================================================
Received Import Request.
  Time since last request: 77.347992 seconds.
  path: Assets/Mega Hyper Casual GUI Pack/Sprites/Progress Bars/Progress Bar 2/Progress Bar Background.png
  artifactKey: Guid(4d6c35c7a84e9a54a8125780fc496dc9) Importer(815301076,1909f56bfc062723c751e8b465ee728b)
Start importing Assets/Mega Hyper Casual GUI Pack/Sprites/Progress Bars/Progress Bar 2/Progress Bar Background.png using Guid(4d6c35c7a84e9a54a8125780fc496dc9) Importer(815301076,1909f56bfc062723c751e8b465ee728b)  -> (artifact id: '6cb31faa29fe6c296495fcf8c326e0e4') in 0.923429 seconds 
  Import took 0.931482 seconds .

========================================================================
Received Import Request.
  Time since last request: 0.000205 seconds.
  path: Assets/Mega Hyper Casual GUI Pack/Sprites/Progress Bars/Progress Bar 2/Progress Bar Red.png
  artifactKey: Guid(017d469e6742a9940b707400755737eb) Importer(815301076,1909f56bfc062723c751e8b465ee728b)
Start importing Assets/Mega Hyper Casual GUI Pack/Sprites/Progress Bars/Progress Bar 2/Progress Bar Red.png using Guid(017d469e6742a9940b707400755737eb) Importer(815301076,1909f56bfc062723c751e8b465ee728b)  -> (artifact id: '687da16a5393082f105714dba74f820b') in 0.020172 seconds 
  Import took 0.024273 seconds .

========================================================================
Received Import Request.
  Time since last request: 0.000232 seconds.
  path: Assets/Mega Hyper Casual GUI Pack/Sprites/Progress Bars/Progress Bar 2/Progress Bar Orange.png
  artifactKey: Guid(780676d27391df34eb7e0196dc110e1d) Importer(815301076,1909f56bfc062723c751e8b465ee728b)
Start importing Assets/Mega Hyper Casual GUI Pack/Sprites/Progress Bars/Progress Bar 2/Progress Bar Orange.png using Guid(780676d27391df34eb7e0196dc110e1d) Importer(815301076,1909f56bfc062723c751e8b465ee728b)  -> (artifact id: '081f697cb835d9a518e50b73b68e9ec4') in 0.014513 seconds 
  Import took 0.019054 seconds .

========================================================================
Received Import Request.
  Time since last request: 0.000289 seconds.
  path: Assets/Mega Hyper Casual GUI Pack/Sprites/Progress Bars/Progress Bar 2/Progress Bar Purple.png
  artifactKey: Guid(3618e8e06a89b454ca61f434752ff178) Importer(815301076,1909f56bfc062723c751e8b465ee728b)
Start importing Assets/Mega Hyper Casual GUI Pack/Sprites/Progress Bars/Progress Bar 2/Progress Bar Purple.png using Guid(3618e8e06a89b454ca61f434752ff178) Importer(815301076,1909f56bfc062723c751e8b465ee728b)  -> (artifact id: '92a85e05299e2538af7167e8dd070135') in 0.014484 seconds 
  Import took 0.018504 seconds .

========================================================================
Received Import Request.
  Time since last request: 0.000304 seconds.
  path: Assets/Mega Hyper Casual GUI Pack/Sprites/Progress Bars/Progress Bar 2/Progress Bar Turquoise.png
  artifactKey: Guid(382770cef1ddda64db3b7cc7fd52963a) Importer(815301076,1909f56bfc062723c751e8b465ee728b)
Start importing Assets/Mega Hyper Casual GUI Pack/Sprites/Progress Bars/Progress Bar 2/Progress Bar Turquoise.png using Guid(382770cef1ddda64db3b7cc7fd52963a) Importer(815301076,1909f56bfc062723c751e8b465ee728b)  -> (artifact id: 'df94d7e156e567076b0222874190da45') in 0.013958 seconds 
  Import took 0.018266 seconds .

========================================================================
Received Import Request.
  Time since last request: 0.000275 seconds.
  path: Assets/Mega Hyper Casual GUI Pack/Sprites/Progress Bars/Progress Bar 2/Progress Bar Blue.png
  artifactKey: Guid(ccfe393d2cb3cac4583036a082365f58) Importer(815301076,1909f56bfc062723c751e8b465ee728b)
Start importing Assets/Mega Hyper Casual GUI Pack/Sprites/Progress Bars/Progress Bar 2/Progress Bar Blue.png using Guid(ccfe393d2cb3cac4583036a082365f58) Importer(815301076,1909f56bfc062723c751e8b465ee728b)  -> (artifact id: '6930672a08b2d05eba0f680de3899d2b') in 0.013393 seconds 
  Import took 0.017372 seconds .

========================================================================
Received Import Request.
  Time since last request: 0.000229 seconds.
  path: Assets/Mega Hyper Casual GUI Pack/Sprites/Progress Bars/Progress Bar 2/Progress Bar Green.png
  artifactKey: Guid(495f195af9231ae45a25bd0e17f51038) Importer(815301076,1909f56bfc062723c751e8b465ee728b)
Start importing Assets/Mega Hyper Casual GUI Pack/Sprites/Progress Bars/Progress Bar 2/Progress Bar Green.png using Guid(495f195af9231ae45a25bd0e17f51038) Importer(815301076,1909f56bfc062723c751e8b465ee728b)  -> (artifact id: '9882325b5570f878bae2585e4047acd8') in 0.021994 seconds 
  Import took 0.025582 seconds .

========================================================================
Received Import Request.
  Time since last request: 0.000202 seconds.
  path: Assets/Mega Hyper Casual GUI Pack/Sprites/Progress Bars/Progress Bar 2/Progress Bar Pink.png
  artifactKey: Guid(ef0900fd772ebb3449a047bcad43bf2e) Importer(815301076,1909f56bfc062723c751e8b465ee728b)
Start importing Assets/Mega Hyper Casual GUI Pack/Sprites/Progress Bars/Progress Bar 2/Progress Bar Pink.png using Guid(ef0900fd772ebb3449a047bcad43bf2e) Importer(815301076,1909f56bfc062723c751e8b465ee728b)  -> (artifact id: '27da919ddb609b2c062d6dac54f810c5') in 0.012893 seconds 
  Import took 0.016983 seconds .

========================================================================
Received Import Request.
  Time since last request: 0.000297 seconds.
  path: Assets/Mega Hyper Casual GUI Pack/Sprites/Progress Bars/Progress Bar 2/Progress Bar Gray.png
  artifactKey: Guid(5102a1d85bf763540800ffd7b45b9496) Importer(815301076,1909f56bfc062723c751e8b465ee728b)
Start importing Assets/Mega Hyper Casual GUI Pack/Sprites/Progress Bars/Progress Bar 2/Progress Bar Gray.png using Guid(5102a1d85bf763540800ffd7b45b9496) Importer(815301076,1909f56bfc062723c751e8b465ee728b)  -> (artifact id: '037bf8537ac9e04a8e621f29d61eb7bd') in 0.012991 seconds 
  Import took 0.016859 seconds .

========================================================================
Received Import Request.
  Time since last request: 2.038370 seconds.
  path: Assets/_Textures/arrow.png
  artifactKey: Guid(763da20d654354625953681adcc43b14) Importer(815301076,1909f56bfc062723c751e8b465ee728b)
Start importing Assets/_Textures/arrow.png using Guid(763da20d654354625953681adcc43b14) Importer(815301076,1909f56bfc062723c751e8b465ee728b)  -> (artifact id: '64a27e08272428daf45b1c96409f1f37') in 0.027605 seconds 
  Import took 0.032107 seconds .

========================================================================
Received Import Request.
  Time since last request: 0.000234 seconds.
  path: Assets/_Textures/progressbar1.png
  artifactKey: Guid(5d5d76591da1349418457ada131ce4df) Importer(815301076,1909f56bfc062723c751e8b465ee728b)
Start importing Assets/_Textures/progressbar1.png using Guid(5d5d76591da1349418457ada131ce4df) Importer(815301076,1909f56bfc062723c751e8b465ee728b)  -> (artifact id: 'c55d99bbe2e52697eadb66355319b8bd') in 0.020637 seconds 
  Import took 0.024447 seconds .

========================================================================
Received Import Request.
  Time since last request: 0.000229 seconds.
  path: Assets/_Textures/lvl.png
  artifactKey: Guid(c13e4f34960c6d240b33fc1fd5460d65) Importer(815301076,1909f56bfc062723c751e8b465ee728b)
Start importing Assets/_Textures/lvl.png using Guid(c13e4f34960c6d240b33fc1fd5460d65) Importer(815301076,1909f56bfc062723c751e8b465ee728b)  -> (artifact id: '9ba43da9017b7407dbc8addf62647e07') in 0.015550 seconds 
  Import took 0.019638 seconds .

========================================================================
Received Import Request.
  Time since last request: 0.000257 seconds.
  path: Assets/_Textures/Coin.png
  artifactKey: Guid(c507e93e882ea4b3daba405be4c6dcfa) Importer(815301076,1909f56bfc062723c751e8b465ee728b)
Start importing Assets/_Textures/Coin.png using Guid(c507e93e882ea4b3daba405be4c6dcfa) Importer(815301076,1909f56bfc062723c751e8b465ee728b)  -> (artifact id: '69d90c0b2bc54349fa38a494fb4ff660') in 0.016645 seconds 
  Import took 0.021259 seconds .

========================================================================
Received Import Request.
  Time since last request: 0.000262 seconds.
  path: Assets/_Textures/progressbar2.png
  artifactKey: Guid(14fd9a9ad560c344d85e6fa2966dcb8b) Importer(815301076,1909f56bfc062723c751e8b465ee728b)
Start importing Assets/_Textures/progressbar2.png using Guid(14fd9a9ad560c344d85e6fa2966dcb8b) Importer(815301076,1909f56bfc062723c751e8b465ee728b)  -> (artifact id: 'cbb3d31985e708555376e9aa252c79aa') in 0.016185 seconds 
  Import took 0.020645 seconds .

========================================================================
Received Import Request.
  Time since last request: 0.000292 seconds.
  path: Assets/_Textures/cross.png
  artifactKey: Guid(04fb28dd5f04eb14e92ca9b1cca059e1) Importer(815301076,1909f56bfc062723c751e8b465ee728b)
Start importing Assets/_Textures/cross.png using Guid(04fb28dd5f04eb14e92ca9b1cca059e1) Importer(815301076,1909f56bfc062723c751e8b465ee728b)  -> (artifact id: 'e38ce7d4546ca62fafd254d85790141b') in 0.018204 seconds 
  Import took 0.022441 seconds .

========================================================================
Received Import Request.
  Time since last request: 82.954291 seconds.
  path: Assets/_Prefabs/UI/LevelImage.prefab
  artifactKey: Guid(4e816a2c4340a463a8e7d188c9a14fb9) Importer(815301076,1909f56bfc062723c751e8b465ee728b)
Start importing Assets/_Prefabs/UI/LevelImage.prefab using Guid(4e816a2c4340a463a8e7d188c9a14fb9) Importer(815301076,1909f56bfc062723c751e8b465ee728b)  -> (artifact id: '677e0ecfcaef0cd7cf4a3eeccc287759') in 0.070145 seconds 
  Import took 0.074643 seconds .

========================================================================
Received Prepare
Registering precompiled user dll's ...
Registered in 0.004841 seconds.
Begin MonoManager ReloadAssembly
Native extension for OSXStandalone target not found
Refreshing native plugins compatible for Editor in 1.16 ms, found 4 plugins.
Preloading 0 native plugins for Editor in 0.00 ms.
Mono: successfully reloaded assembly
- Completed reload, in  1.487 seconds
Domain Reload Profiling:
	ReloadAssembly (1488ms)
		BeginReloadAssembly (162ms)
			ExecutionOrderSort (0ms)
			DisableScriptedObjects (6ms)
			BackupInstance (0ms)
			ReleaseScriptingObjects (0ms)
			CreateAndSetChildDomain (81ms)
		EndReloadAssembly (1241ms)
			LoadAssemblies (105ms)
			RebuildTransferFunctionScriptingTraits (0ms)
			SetupTypeCache (459ms)
			ReleaseScriptCaches (1ms)
			RebuildScriptCaches (71ms)
			SetupLoadedEditorAssemblies (426ms)
				LogAssemblyErrors (0ms)
				InitializePlatformSupportModulesInManaged (5ms)
				SetLoadedEditorAssemblies (1ms)
				RefreshPlugins (1ms)
				BeforeProcessingInitializeOnLoad (151ms)
				ProcessInitializeOnLoadAttributes (255ms)
				ProcessInitializeOnLoadMethodAttributes (10ms)
				AfterProcessingInitializeOnLoad (2ms)
				EditorAssembliesLoaded (0ms)
			ExecutionOrderSort2 (0ms)
			AwakeInstancesAfterBackupRestoration (9ms)
Platform modules already initialized, skipping
Switching build target platform(2) subTarget(0) extendedPlatform(0) -> platform(13) subTarget(537395200) extendedPlatform(0)
Refreshing native plugins compatible for Editor in 0.98 ms, found 4 plugins.
Preloading 0 native plugins for Editor in 0.00 ms.
Unloading 1798 Unused Serialized files (Serialized files now loaded: 0)
System memory in use before: 250.1 MB.
System memory in use after: 249.2 MB.

Unloading 40 unused Assets to reduce memory usage. Loaded Objects now: 2446.
Total: 4.034937 ms (FindLiveObjects: 0.184908 ms CreateObjectMapping: 0.076961 ms MarkObjects: 3.153049 ms  DeleteObjects: 0.618871 ms)

AssetImportParameters requested are different than current active one (requested -> active):
  custom:video-decoder-ogg-theora: a1e56fd34408186e4bbccfd4996cb3dc -> 
  custom:container-muxer-webm: aa71ff27fc2769a1b78a27578f13a17b -> 
  custom:container-demuxer-webm: 4f35f7cbe854078d1ac9338744f61a02 -> 
  custom:container-demuxer-ogg: 62fdf1f143b41e24485cea50d1cbac27 -> 
  custom:video-encoder-webm-vp8: eb34c28f22e8b96e1ab97ce403110664 -> 
  custom:framework-osx-AVFoundation: e770b220cccbd017edd2c1fefb359320 -> 
  custom:video-decoder-webm-vp8: 9c59270c3fd7afecdb556c50c9e8de78 -> 
  custom:graphics/normal-map-encoding: 01000000000000000000000000000000 -> 02000000000000000000000000000000
  custom:audio-decoder-ogg-vorbis: bf7c407c2cedff20999df2af8eb42d56 -> 
  custom:audio-encoder-webm-vorbis: bf7c407c2cedff20999df2af8eb42d56 -> 
========================================================================
Received Import Request.
  Time since last request: 127.682497 seconds.
  path: Assets/_Prefabs/VFX/Blood.prefab
  artifactKey: Guid(429611a58447e4140aa26cba135bccd1) Importer(815301076,1909f56bfc062723c751e8b465ee728b)
Start importing Assets/_Prefabs/VFX/Blood.prefab using Guid(429611a58447e4140aa26cba135bccd1) Importer(815301076,1909f56bfc062723c751e8b465ee728b)  -> (artifact id: '3d441ccc6b920c9748671237323054bc') in 0.094979 seconds 
  Import took 0.100504 seconds .

========================================================================
Received Import Request.
  Time since last request: 0.000310 seconds.
  path: Assets/_Prefabs/VFX/blue_explosion.prefab
  artifactKey: Guid(ad62f19c667034210a25b9b638da420f) Importer(815301076,1909f56bfc062723c751e8b465ee728b)
Start importing Assets/_Prefabs/VFX/blue_explosion.prefab using Guid(ad62f19c667034210a25b9b638da420f) Importer(815301076,1909f56bfc062723c751e8b465ee728b)  -> (artifact id: '341d504ea1c7264b2102ecaffb4c16fc') in 0.013458 seconds 
  Import took 0.017391 seconds .

========================================================================
Received Import Request.
  Time since last request: 0.000228 seconds.
  path: Assets/_Prefabs/VFX/UpgradeEffect.prefab
  artifactKey: Guid(8a2fdf055b0524bdbb95d595cab8e035) Importer(815301076,1909f56bfc062723c751e8b465ee728b)
Start importing Assets/_Prefabs/VFX/UpgradeEffect.prefab using Guid(8a2fdf055b0524bdbb95d595cab8e035) Importer(815301076,1909f56bfc062723c751e8b465ee728b)  -> (artifact id: '83b81971c849a452d5da246a4b496c0d') in 0.079626 seconds 
  Import took 0.083702 seconds .

========================================================================
Received Import Request.
  Time since last request: 0.000222 seconds.
  path: Assets/_Prefabs/VFX/BloodPlayer.prefab
  artifactKey: Guid(aa76d645ce9e6413da58ee350999c17a) Importer(815301076,1909f56bfc062723c751e8b465ee728b)
Start importing Assets/_Prefabs/VFX/BloodPlayer.prefab using Guid(aa76d645ce9e6413da58ee350999c17a) Importer(815301076,1909f56bfc062723c751e8b465ee728b)  -> (artifact id: '9f83eecfde5ef840a3fb0ceda953eebd') in 0.012759 seconds 
  Import took 0.016287 seconds .

========================================================================
Received Import Request.
  Time since last request: 81.408967 seconds.
  path: Assets/_Prefabs/Enemy.prefab
  artifactKey: Guid(bb90340239a7448f6a41cd49e6fa72af) Importer(815301076,1909f56bfc062723c751e8b465ee728b)
Start importing Assets/_Prefabs/Enemy.prefab using Guid(bb90340239a7448f6a41cd49e6fa72af) Importer(815301076,1909f56bfc062723c751e8b465ee728b)  -> (artifact id: 'f30421652d8341d234f68f277f2246a2') in 0.167757 seconds 
  Import took 0.173330 seconds .

========================================================================
Received Import Request.
  Time since last request: 4.452136 seconds.
  path: Assets/_Prefabs/Enemy.prefab
  artifactKey: Guid(bb90340239a7448f6a41cd49e6fa72af) Importer(815301076,1909f56bfc062723c751e8b465ee728b)
Start importing Assets/_Prefabs/Enemy.prefab using Guid(bb90340239a7448f6a41cd49e6fa72af) Importer(815301076,1909f56bfc062723c751e8b465ee728b)  -> (artifact id: 'ef0354d00090659e04a61ec4575ced20') in 0.086793 seconds 
  Import took 0.091728 seconds .

========================================================================
Received Import Request.
  Time since last request: 1.123691 seconds.
  path: Assets/_Prefabs/Enemy.prefab
  artifactKey: Guid(bb90340239a7448f6a41cd49e6fa72af) Importer(815301076,1909f56bfc062723c751e8b465ee728b)
Start importing Assets/_Prefabs/Enemy.prefab using Guid(bb90340239a7448f6a41cd49e6fa72af) Importer(815301076,1909f56bfc062723c751e8b465ee728b)  -> (artifact id: '22ec82c1e670839a501f6ac4cabc0a37') in 0.084072 seconds 
  Import took 0.088967 seconds .

========================================================================
Received Import Request.
  Time since last request: 1.538193 seconds.
  path: Assets/_Prefabs/Enemy.prefab
  artifactKey: Guid(bb90340239a7448f6a41cd49e6fa72af) Importer(815301076,1909f56bfc062723c751e8b465ee728b)
Start importing Assets/_Prefabs/Enemy.prefab using Guid(bb90340239a7448f6a41cd49e6fa72af) Importer(815301076,1909f56bfc062723c751e8b465ee728b)  -> (artifact id: '7bf792947d3a5cfdb87f9a7ef884d16a') in 0.084998 seconds 
  Import took 0.090155 seconds .

========================================================================
Received Import Request.
  Time since last request: 2.334119 seconds.
  path: Assets/_Prefabs/Enemy.prefab
  artifactKey: Guid(bb90340239a7448f6a41cd49e6fa72af) Importer(815301076,1909f56bfc062723c751e8b465ee728b)
Start importing Assets/_Prefabs/Enemy.prefab using Guid(bb90340239a7448f6a41cd49e6fa72af) Importer(815301076,1909f56bfc062723c751e8b465ee728b)  -> (artifact id: 'df5cef24fea51ad5948d5309f6241ecf') in 0.083606 seconds 
  Import took 0.088892 seconds .

========================================================================
Received Import Request.
  Time since last request: 1.523749 seconds.
  path: Assets/_Prefabs/Enemy.prefab
  artifactKey: Guid(bb90340239a7448f6a41cd49e6fa72af) Importer(815301076,1909f56bfc062723c751e8b465ee728b)
Start importing Assets/_Prefabs/Enemy.prefab using Guid(bb90340239a7448f6a41cd49e6fa72af) Importer(815301076,1909f56bfc062723c751e8b465ee728b)  -> (artifact id: 'b50d701c81045250f320ddcaf2ca22a3') in 0.085639 seconds 
  Import took 0.090900 seconds .

========================================================================
Received Import Request.
  Time since last request: 0.926557 seconds.
  path: Assets/_Prefabs/Enemy.prefab
  artifactKey: Guid(bb90340239a7448f6a41cd49e6fa72af) Importer(815301076,1909f56bfc062723c751e8b465ee728b)
Start importing Assets/_Prefabs/Enemy.prefab using Guid(bb90340239a7448f6a41cd49e6fa72af) Importer(815301076,1909f56bfc062723c751e8b465ee728b)  -> (artifact id: '1a04a8818d71d7d24f38831b2c73e404') in 0.084068 seconds 
  Import took 0.089175 seconds .

========================================================================
Received Import Request.
  Time since last request: 1.343744 seconds.
  path: Assets/_Prefabs/Enemy.prefab
  artifactKey: Guid(bb90340239a7448f6a41cd49e6fa72af) Importer(815301076,1909f56bfc062723c751e8b465ee728b)
Start importing Assets/_Prefabs/Enemy.prefab using Guid(bb90340239a7448f6a41cd49e6fa72af) Importer(815301076,1909f56bfc062723c751e8b465ee728b)  -> (artifact id: '272f3261f14eaae973fc13fa430fc62b') in 0.083842 seconds 
  Import took 0.089473 seconds .

========================================================================
Received Prepare
Registering precompiled user dll's ...
Registered in 0.008566 seconds.
Begin MonoManager ReloadAssembly
Native extension for OSXStandalone target not found
Refreshing native plugins compatible for Editor in 1.07 ms, found 4 plugins.
Preloading 0 native plugins for Editor in 0.00 ms.
Mono: successfully reloaded assembly
- Completed reload, in  1.227 seconds
Domain Reload Profiling:
	ReloadAssembly (1228ms)
		BeginReloadAssembly (132ms)
			ExecutionOrderSort (0ms)
			DisableScriptedObjects (4ms)
			BackupInstance (0ms)
			ReleaseScriptingObjects (0ms)
			CreateAndSetChildDomain (66ms)
		EndReloadAssembly (1026ms)
			LoadAssemblies (85ms)
			RebuildTransferFunctionScriptingTraits (0ms)
			SetupTypeCache (374ms)
			ReleaseScriptCaches (1ms)
			RebuildScriptCaches (54ms)
			SetupLoadedEditorAssemblies (363ms)
				LogAssemblyErrors (0ms)
				InitializePlatformSupportModulesInManaged (5ms)
				SetLoadedEditorAssemblies (1ms)
				RefreshPlugins (1ms)
				BeforeProcessingInitializeOnLoad (120ms)
				ProcessInitializeOnLoadAttributes (226ms)
				ProcessInitializeOnLoadMethodAttributes (10ms)
				AfterProcessingInitializeOnLoad (2ms)
				EditorAssembliesLoaded (0ms)
			ExecutionOrderSort2 (0ms)
			AwakeInstancesAfterBackupRestoration (8ms)
Platform modules already initialized, skipping
Switching build target platform(2) subTarget(0) extendedPlatform(0) -> platform(13) subTarget(537395200) extendedPlatform(0)
Refreshing native plugins compatible for Editor in 0.97 ms, found 4 plugins.
Preloading 0 native plugins for Editor in 0.00 ms.
Unloading 1798 Unused Serialized files (Serialized files now loaded: 0)
System memory in use before: 250.5 MB.
System memory in use after: 249.6 MB.

Unloading 40 unused Assets to reduce memory usage. Loaded Objects now: 2449.
Total: 3.475333 ms (FindLiveObjects: 0.165154 ms CreateObjectMapping: 0.059600 ms MarkObjects: 2.784503 ms  DeleteObjects: 0.465319 ms)

AssetImportParameters requested are different than current active one (requested -> active):
  custom:video-decoder-ogg-theora: a1e56fd34408186e4bbccfd4996cb3dc -> 
  custom:container-muxer-webm: aa71ff27fc2769a1b78a27578f13a17b -> 
  custom:container-demuxer-webm: 4f35f7cbe854078d1ac9338744f61a02 -> 
  custom:container-demuxer-ogg: 62fdf1f143b41e24485cea50d1cbac27 -> 
  custom:video-encoder-webm-vp8: eb34c28f22e8b96e1ab97ce403110664 -> 
  custom:framework-osx-AVFoundation: e770b220cccbd017edd2c1fefb359320 -> 
  custom:video-decoder-webm-vp8: 9c59270c3fd7afecdb556c50c9e8de78 -> 
  custom:graphics/normal-map-encoding: 01000000000000000000000000000000 -> 02000000000000000000000000000000
  custom:audio-decoder-ogg-vorbis: bf7c407c2cedff20999df2af8eb42d56 -> 
  custom:audio-encoder-webm-vorbis: bf7c407c2cedff20999df2af8eb42d56 -> 
========================================================================
Received Import Request.
  Time since last request: 53.761510 seconds.
  path: Assets/_Prefabs/Enemy.prefab
  artifactKey: Guid(bb90340239a7448f6a41cd49e6fa72af) Importer(815301076,1909f56bfc062723c751e8b465ee728b)
Start importing Assets/_Prefabs/Enemy.prefab using Guid(bb90340239a7448f6a41cd49e6fa72af) Importer(815301076,1909f56bfc062723c751e8b465ee728b)  -> (artifact id: 'a0b5f1cec926e5ed8b638e7c83a110b1') in 0.212822 seconds 
  Import took 0.218099 seconds .

========================================================================
Received Import Request.
  Time since last request: 9.389211 seconds.
  path: Assets/_Prefabs/Enemy.prefab
  artifactKey: Guid(bb90340239a7448f6a41cd49e6fa72af) Importer(815301076,1909f56bfc062723c751e8b465ee728b)
Start importing Assets/_Prefabs/Enemy.prefab using Guid(bb90340239a7448f6a41cd49e6fa72af) Importer(815301076,1909f56bfc062723c751e8b465ee728b)  -> (artifact id: 'e4090496cd6d5d89e4b3895ce82d9af0') in 0.081253 seconds 
  Import took 0.086303 seconds .

========================================================================
Received Import Request.
  Time since last request: 2.279639 seconds.
  path: Assets/_Prefabs/Enemy.prefab
  artifactKey: Guid(bb90340239a7448f6a41cd49e6fa72af) Importer(815301076,1909f56bfc062723c751e8b465ee728b)
Start importing Assets/_Prefabs/Enemy.prefab using Guid(bb90340239a7448f6a41cd49e6fa72af) Importer(815301076,1909f56bfc062723c751e8b465ee728b)  -> (artifact id: '254f71650aab85f2f00c228d9a991f23') in 0.082478 seconds 
  Import took 0.087868 seconds .

========================================================================
Received Prepare
Registering precompiled user dll's ...
Registered in 0.004585 seconds.
Begin MonoManager ReloadAssembly
Native extension for OSXStandalone target not found
Refreshing native plugins compatible for Editor in 0.99 ms, found 4 plugins.
Preloading 0 native plugins for Editor in 0.00 ms.
Mono: successfully reloaded assembly
- Completed reload, in  1.478 seconds
Domain Reload Profiling:
	ReloadAssembly (1478ms)
		BeginReloadAssembly (162ms)
			ExecutionOrderSort (0ms)
			DisableScriptedObjects (7ms)
			BackupInstance (0ms)
			ReleaseScriptingObjects (0ms)
			CreateAndSetChildDomain (81ms)
		EndReloadAssembly (1229ms)
			LoadAssemblies (106ms)
			RebuildTransferFunctionScriptingTraits (0ms)
			SetupTypeCache (429ms)
			ReleaseScriptCaches (1ms)
			RebuildScriptCaches (68ms)
			SetupLoadedEditorAssemblies (451ms)
				LogAssemblyErrors (0ms)
				InitializePlatformSupportModulesInManaged (5ms)
				SetLoadedEditorAssemblies (1ms)
				RefreshPlugins (1ms)
				BeforeProcessingInitializeOnLoad (146ms)
				ProcessInitializeOnLoadAttributes (282ms)
				ProcessInitializeOnLoadMethodAttributes (13ms)
				AfterProcessingInitializeOnLoad (2ms)
				EditorAssembliesLoaded (0ms)
			ExecutionOrderSort2 (0ms)
			AwakeInstancesAfterBackupRestoration (11ms)
Platform modules already initialized, skipping
Switching build target platform(2) subTarget(0) extendedPlatform(0) -> platform(13) subTarget(537395200) extendedPlatform(0)
Refreshing native plugins compatible for Editor in 1.13 ms, found 4 plugins.
Preloading 0 native plugins for Editor in 0.00 ms.
Unloading 1798 Unused Serialized files (Serialized files now loaded: 0)
System memory in use before: 250.7 MB.
System memory in use after: 249.8 MB.

Unloading 40 unused Assets to reduce memory usage. Loaded Objects now: 2452.
Total: 3.885977 ms (FindLiveObjects: 0.201926 ms CreateObjectMapping: 0.083432 ms MarkObjects: 3.033329 ms  DeleteObjects: 0.566451 ms)

AssetImportParameters requested are different than current active one (requested -> active):
  custom:video-decoder-ogg-theora: a1e56fd34408186e4bbccfd4996cb3dc -> 
  custom:container-muxer-webm: aa71ff27fc2769a1b78a27578f13a17b -> 
  custom:container-demuxer-webm: 4f35f7cbe854078d1ac9338744f61a02 -> 
  custom:container-demuxer-ogg: 62fdf1f143b41e24485cea50d1cbac27 -> 
  custom:video-encoder-webm-vp8: eb34c28f22e8b96e1ab97ce403110664 -> 
  custom:framework-osx-AVFoundation: e770b220cccbd017edd2c1fefb359320 -> 
  custom:video-decoder-webm-vp8: 9c59270c3fd7afecdb556c50c9e8de78 -> 
  custom:graphics/normal-map-encoding: 01000000000000000000000000000000 -> 02000000000000000000000000000000
  custom:audio-decoder-ogg-vorbis: bf7c407c2cedff20999df2af8eb42d56 -> 
  custom:audio-encoder-webm-vorbis: bf7c407c2cedff20999df2af8eb42d56 -> 
========================================================================
Received Import Request.
  Time since last request: 63.872299 seconds.
  path: Assets/_Prefabs/Enemy.prefab
  artifactKey: Guid(bb90340239a7448f6a41cd49e6fa72af) Importer(815301076,1909f56bfc062723c751e8b465ee728b)
Start importing Assets/_Prefabs/Enemy.prefab using Guid(bb90340239a7448f6a41cd49e6fa72af) Importer(815301076,1909f56bfc062723c751e8b465ee728b)  -> (artifact id: 'd47fbc93c66b164c69bbba366dc6380f') in 0.182902 seconds 
  Import took 0.188564 seconds .

========================================================================
Received Import Request.
  Time since last request: 2.204632 seconds.
  path: Assets/_Prefabs/Enemy.prefab
  artifactKey: Guid(bb90340239a7448f6a41cd49e6fa72af) Importer(815301076,1909f56bfc062723c751e8b465ee728b)
Start importing Assets/_Prefabs/Enemy.prefab using Guid(bb90340239a7448f6a41cd49e6fa72af) Importer(815301076,1909f56bfc062723c751e8b465ee728b)  -> (artifact id: '3613b8a9447499e25f13077c57317c88') in 0.086823 seconds 
  Import took 0.092006 seconds .

========================================================================
Received Import Request.
  Time since last request: 9.768621 seconds.
  path: Assets/_Prefabs/Enemy.prefab
  artifactKey: Guid(bb90340239a7448f6a41cd49e6fa72af) Importer(815301076,1909f56bfc062723c751e8b465ee728b)
Start importing Assets/_Prefabs/Enemy.prefab using Guid(bb90340239a7448f6a41cd49e6fa72af) Importer(815301076,1909f56bfc062723c751e8b465ee728b)  -> (artifact id: 'ad6c5e1b2b692e59869a11371508455e') in 0.084722 seconds 
  Import took 0.090238 seconds .

========================================================================
Received Import Request.
  Time since last request: 4.725212 seconds.
  path: Assets/_Prefabs/Enemy.prefab
  artifactKey: Guid(bb90340239a7448f6a41cd49e6fa72af) Importer(815301076,1909f56bfc062723c751e8b465ee728b)
Start importing Assets/_Prefabs/Enemy.prefab using Guid(bb90340239a7448f6a41cd49e6fa72af) Importer(815301076,1909f56bfc062723c751e8b465ee728b)  -> (artifact id: '8d433ac7814797be532c0cc02affaeff') in 0.080850 seconds 
  Import took 0.085797 seconds .

========================================================================
Received Import Request.
  Time since last request: 6.382337 seconds.
  path: Assets/_Prefabs/Enemy.prefab
  artifactKey: Guid(bb90340239a7448f6a41cd49e6fa72af) Importer(815301076,1909f56bfc062723c751e8b465ee728b)
Start importing Assets/_Prefabs/Enemy.prefab using Guid(bb90340239a7448f6a41cd49e6fa72af) Importer(815301076,1909f56bfc062723c751e8b465ee728b)  -> (artifact id: 'b7768746891a223c1ab638718abbc85b') in 0.080614 seconds 
  Import took 0.085611 seconds .

========================================================================
Received Import Request.
  Time since last request: 6.481997 seconds.
  path: Assets/_Prefabs/Enemy.prefab
  artifactKey: Guid(bb90340239a7448f6a41cd49e6fa72af) Importer(815301076,1909f56bfc062723c751e8b465ee728b)
Start importing Assets/_Prefabs/Enemy.prefab using Guid(bb90340239a7448f6a41cd49e6fa72af) Importer(815301076,1909f56bfc062723c751e8b465ee728b)  -> (artifact id: 'df449bb2686f64b331114959bbf3fc90') in 0.085110 seconds 
  Import took 0.089518 seconds .

========================================================================
Received Import Request.
  Time since last request: 2.489542 seconds.
  path: Assets/_Prefabs/Enemy.prefab
  artifactKey: Guid(bb90340239a7448f6a41cd49e6fa72af) Importer(815301076,1909f56bfc062723c751e8b465ee728b)
Start importing Assets/_Prefabs/Enemy.prefab using Guid(bb90340239a7448f6a41cd49e6fa72af) Importer(815301076,1909f56bfc062723c751e8b465ee728b)  -> (artifact id: 'b6f37fee04091f7000576b5f4ed9f744') in 0.081616 seconds 
  Import took 0.086526 seconds .

========================================================================
Received Import Request.
  Time since last request: 3.781059 seconds.
  path: Assets/_Prefabs/Enemy.prefab
  artifactKey: Guid(bb90340239a7448f6a41cd49e6fa72af) Importer(815301076,1909f56bfc062723c751e8b465ee728b)
Start importing Assets/_Prefabs/Enemy.prefab using Guid(bb90340239a7448f6a41cd49e6fa72af) Importer(815301076,1909f56bfc062723c751e8b465ee728b)  -> (artifact id: '8a1f0c0b1ead0699587a4303622fa3f5') in 0.100589 seconds 
  Import took 0.106187 seconds .

========================================================================
Received Import Request.
  Time since last request: 4.097922 seconds.
  path: Assets/_Prefabs/Enemy.prefab
  artifactKey: Guid(bb90340239a7448f6a41cd49e6fa72af) Importer(815301076,1909f56bfc062723c751e8b465ee728b)
Start importing Assets/_Prefabs/Enemy.prefab using Guid(bb90340239a7448f6a41cd49e6fa72af) Importer(815301076,1909f56bfc062723c751e8b465ee728b)  -> (artifact id: '4fca5d8fc67efb05415d174924bf1176') in 0.078777 seconds 
  Import took 0.083854 seconds .

========================================================================
Received Prepare
Registering precompiled user dll's ...
Registered in 0.007667 seconds.
Begin MonoManager ReloadAssembly
Native extension for OSXStandalone target not found
Refreshing native plugins compatible for Editor in 0.88 ms, found 4 plugins.
Preloading 0 native plugins for Editor in 0.00 ms.
Mono: successfully reloaded assembly
- Completed reload, in  1.271 seconds
Domain Reload Profiling:
	ReloadAssembly (1271ms)
		BeginReloadAssembly (150ms)
			ExecutionOrderSort (0ms)
			DisableScriptedObjects (6ms)
			BackupInstance (0ms)
			ReleaseScriptingObjects (0ms)
			CreateAndSetChildDomain (74ms)
		EndReloadAssembly (1050ms)
			LoadAssemblies (89ms)
			RebuildTransferFunctionScriptingTraits (0ms)
			SetupTypeCache (408ms)
			ReleaseScriptCaches (1ms)
			RebuildScriptCaches (66ms)
			SetupLoadedEditorAssemblies (337ms)
				LogAssemblyErrors (0ms)
				InitializePlatformSupportModulesInManaged (4ms)
				SetLoadedEditorAssemblies (1ms)
				RefreshPlugins (1ms)
				BeforeProcessingInitializeOnLoad (117ms)
				ProcessInitializeOnLoadAttributes (204ms)
				ProcessInitializeOnLoadMethodAttributes (9ms)
				AfterProcessingInitializeOnLoad (1ms)
				EditorAssembliesLoaded (0ms)
			ExecutionOrderSort2 (0ms)
			AwakeInstancesAfterBackupRestoration (7ms)
Platform modules already initialized, skipping
Switching build target platform(2) subTarget(0) extendedPlatform(0) -> platform(13) subTarget(537395200) extendedPlatform(0)
Refreshing native plugins compatible for Editor in 0.92 ms, found 4 plugins.
Preloading 0 native plugins for Editor in 0.00 ms.
Unloading 1798 Unused Serialized files (Serialized files now loaded: 0)
System memory in use before: 251.0 MB.
System memory in use after: 250.1 MB.

Unloading 40 unused Assets to reduce memory usage. Loaded Objects now: 2455.
Total: 3.303759 ms (FindLiveObjects: 0.143364 ms CreateObjectMapping: 0.056969 ms MarkObjects: 2.626261 ms  DeleteObjects: 0.476435 ms)

AssetImportParameters requested are different than current active one (requested -> active):
  custom:video-decoder-ogg-theora: a1e56fd34408186e4bbccfd4996cb3dc -> 
  custom:container-muxer-webm: aa71ff27fc2769a1b78a27578f13a17b -> 
  custom:container-demuxer-webm: 4f35f7cbe854078d1ac9338744f61a02 -> 
  custom:container-demuxer-ogg: 62fdf1f143b41e24485cea50d1cbac27 -> 
  custom:video-encoder-webm-vp8: eb34c28f22e8b96e1ab97ce403110664 -> 
  custom:framework-osx-AVFoundation: e770b220cccbd017edd2c1fefb359320 -> 
  custom:video-decoder-webm-vp8: 9c59270c3fd7afecdb556c50c9e8de78 -> 
  custom:graphics/normal-map-encoding: 01000000000000000000000000000000 -> 02000000000000000000000000000000
  custom:audio-decoder-ogg-vorbis: bf7c407c2cedff20999df2af8eb42d56 -> 
  custom:audio-encoder-webm-vorbis: bf7c407c2cedff20999df2af8eb42d56 -> 
========================================================================
Received Prepare
Registering precompiled user dll's ...
Registered in 0.006559 seconds.
Begin MonoManager ReloadAssembly
Native extension for OSXStandalone target not found
Refreshing native plugins compatible for Editor in 0.87 ms, found 4 plugins.
Preloading 0 native plugins for Editor in 0.00 ms.
Mono: successfully reloaded assembly
- Completed reload, in  1.169 seconds
Domain Reload Profiling:
	ReloadAssembly (1170ms)
		BeginReloadAssembly (125ms)
			ExecutionOrderSort (0ms)
			DisableScriptedObjects (5ms)
			BackupInstance (0ms)
			ReleaseScriptingObjects (0ms)
			CreateAndSetChildDomain (60ms)
		EndReloadAssembly (977ms)
			LoadAssemblies (83ms)
			RebuildTransferFunctionScriptingTraits (0ms)
			SetupTypeCache (352ms)
			ReleaseScriptCaches (1ms)
			RebuildScriptCaches (55ms)
			SetupLoadedEditorAssemblies (334ms)
				LogAssemblyErrors (0ms)
				InitializePlatformSupportModulesInManaged (4ms)
				SetLoadedEditorAssemblies (1ms)
				RefreshPlugins (1ms)
				BeforeProcessingInitializeOnLoad (117ms)
				ProcessInitializeOnLoadAttributes (201ms)
				ProcessInitializeOnLoadMethodAttributes (9ms)
				AfterProcessingInitializeOnLoad (2ms)
				EditorAssembliesLoaded (0ms)
			ExecutionOrderSort2 (0ms)
			AwakeInstancesAfterBackupRestoration (7ms)
Platform modules already initialized, skipping
Switching build target platform(2) subTarget(0) extendedPlatform(0) -> platform(13) subTarget(537395200) extendedPlatform(0)
Refreshing native plugins compatible for Editor in 0.95 ms, found 4 plugins.
Preloading 0 native plugins for Editor in 0.00 ms.
Unloading 1798 Unused Serialized files (Serialized files now loaded: 0)
System memory in use before: 251.2 MB.
System memory in use after: 250.3 MB.

Unloading 40 unused Assets to reduce memory usage. Loaded Objects now: 2457.
Total: 3.441373 ms (FindLiveObjects: 0.174619 ms CreateObjectMapping: 0.064205 ms MarkObjects: 2.731089 ms  DeleteObjects: 0.470616 ms)

AssetImportParameters requested are different than current active one (requested -> active):
  custom:video-decoder-ogg-theora: a1e56fd34408186e4bbccfd4996cb3dc -> 
  custom:container-muxer-webm: aa71ff27fc2769a1b78a27578f13a17b -> 
  custom:container-demuxer-webm: 4f35f7cbe854078d1ac9338744f61a02 -> 
  custom:container-demuxer-ogg: 62fdf1f143b41e24485cea50d1cbac27 -> 
  custom:video-encoder-webm-vp8: eb34c28f22e8b96e1ab97ce403110664 -> 
  custom:framework-osx-AVFoundation: e770b220cccbd017edd2c1fefb359320 -> 
  custom:video-decoder-webm-vp8: 9c59270c3fd7afecdb556c50c9e8de78 -> 
  custom:graphics/normal-map-encoding: 01000000000000000000000000000000 -> 02000000000000000000000000000000
  custom:audio-decoder-ogg-vorbis: bf7c407c2cedff20999df2af8eb42d56 -> 
  custom:audio-encoder-webm-vorbis: bf7c407c2cedff20999df2af8eb42d56 -> 
